2019-05-30 11:01:04,177 |  | INFO org.springframework.boot.SpringApplication  [main] No active profile set, falling back to default profiles: default
2019-05-30 11:01:14,717 |  | DEBUG org.springframework.web.filter.GenericFilterBean  [main] Filter 'slf4jMDCFilter' configured for use
2019-05-30 11:02:03,826 |  | INFO org.springframework.boot.StartupInfoLogger  [main] Started ServiceAApplication in 64.547 seconds (JVM running for 66.599)
2019-05-30 11:16:22,878 |  | INFO org.springframework.boot.SpringApplication  [main] No active profile set, falling back to default profiles: default
2019-05-30 11:16:35,695 |  | DEBUG org.springframework.web.filter.GenericFilterBean  [main] Filter 'slf4jMDCFilter' configured for use
2019-05-30 11:16:58,571 |  | INFO org.springframework.boot.StartupInfoLogger  [main] Started ServiceAApplication in 43.55 seconds (JVM running for 51.591)
2019-05-30 11:21:43,075 |  | INFO org.springframework.boot.SpringApplication  [main] No active profile set, falling back to default profiles: default
2019-05-30 11:21:49,801 |  | DEBUG org.springframework.web.filter.GenericFilterBean  [main] Filter 'slf4jMDCFilter' configured for use
2019-05-30 11:22:00,538 |  | INFO org.springframework.boot.StartupInfoLogger  [main] Started ServiceAApplication in 22.272 seconds (JVM running for 25.145)
2019-05-30 11:23:25,692 |  | INFO org.springframework.boot.SpringApplication  [main] No active profile set, falling back to default profiles: default
2019-05-30 11:23:36,810 |  | INFO org.springframework.boot.SpringApplication  [main] No active profile set, falling back to default profiles: default
2019-05-30 11:23:43,265 |  | DEBUG org.springframework.web.filter.GenericFilterBean  [main] Filter 'slf4jMDCFilter' configured for use
2019-05-30 11:23:54,758 |  | INFO org.springframework.boot.StartupInfoLogger  [main] Started ServiceAApplication in 22.805 seconds (JVM running for 24.27)
2019-05-30 11:25:42,199 |  | INFO org.springframework.boot.SpringApplication  [main] No active profile set, falling back to default profiles: default
2019-05-30 11:25:48,906 |  | DEBUG org.springframework.web.filter.GenericFilterBean  [main] Filter 'slf4jMDCFilter' configured for use
2019-05-30 11:25:59,409 |  | INFO org.springframework.boot.StartupInfoLogger  [main] Started ServiceAApplication in 22.042 seconds (JVM running for 23.63)
2019-05-30 11:31:29,841 |  | INFO org.springframework.boot.SpringApplication  [main] No active profile set, falling back to default profiles: default
2019-05-30 11:31:35,186 |  | DEBUG org.springframework.web.filter.GenericFilterBean  [main] Filter 'slf4jMDCFilter' configured for use
2019-05-30 11:31:44,081 |  | INFO org.springframework.boot.StartupInfoLogger  [main] Started ServiceAApplication in 18.609 seconds (JVM running for 19.839)
2019-05-30 11:32:15,795 |  | INFO org.springframework.boot.SpringApplication  [main] No active profile set, falling back to default profiles: default
2019-05-30 11:32:21,493 |  | DEBUG org.springframework.web.filter.GenericFilterBean  [main] Filter 'slf4jMDCFilter' configured for use
2019-05-30 11:32:30,253 |  | INFO org.springframework.boot.StartupInfoLogger  [main] Started ServiceAApplication in 18.823 seconds (JVM running for 20.121)
2019-05-30 11:33:28,168 |  | INFO org.springframework.boot.SpringApplication  [main] No active profile set, falling back to default profiles: default
2019-05-30 11:33:33,721 |  | DEBUG org.springframework.web.filter.GenericFilterBean  [main] Filter 'slf4jMDCFilter' configured for use
2019-05-30 11:34:44,437 |  | INFO org.springframework.boot.SpringApplication  [main] No active profile set, falling back to default profiles: default
2019-05-30 11:34:49,725 |  | DEBUG org.springframework.web.filter.GenericFilterBean  [main] Filter 'slf4jMDCFilter' configured for use
2019-05-30 11:34:58,174 |  | INFO org.springframework.boot.StartupInfoLogger  [main] Started ServiceAApplication in 18.473 seconds (JVM running for 19.939)
2019-05-30 11:39:31,509 |  | INFO org.springframework.boot.SpringApplication  [main] No active profile set, falling back to default profiles: default
2019-05-30 11:39:36,821 |  | DEBUG org.springframework.web.filter.GenericFilterBean  [main] Filter 'slf4jMDCFilter' configured for use
2019-05-30 11:40:25,734 |  | INFO org.springframework.boot.SpringApplication  [main] No active profile set, falling back to default profiles: default
2019-05-30 11:40:31,487 |  | DEBUG org.springframework.web.filter.GenericFilterBean  [main] Filter 'slf4jMDCFilter' configured for use
2019-05-30 11:40:56,552 |  | INFO org.springframework.boot.SpringApplication  [main] No active profile set, falling back to default profiles: default
2019-05-30 11:41:08,375 |  | INFO org.springframework.boot.SpringApplication  [main] No active profile set, falling back to default profiles: default
2019-05-30 11:41:13,952 |  | DEBUG org.springframework.web.filter.GenericFilterBean  [main] Filter 'slf4jMDCFilter' configured for use
2019-05-30 11:41:23,084 |  | INFO org.springframework.boot.StartupInfoLogger  [main] Started ServiceAApplication in 19.076 seconds (JVM running for 20.352)
2019-05-30 11:46:23,731 |  | INFO org.springframework.boot.SpringApplication  [main] No active profile set, falling back to default profiles: default
2019-05-30 11:46:29,293 |  | DEBUG org.springframework.web.filter.GenericFilterBean  [main] Filter 'slf4jMDCFilter' configured for use
2019-05-30 11:46:37,779 |  | INFO org.springframework.boot.StartupInfoLogger  [main] Started ServiceAApplication in 18.42 seconds (JVM running for 20.104)
2019-05-30 11:56:46,075 |  | INFO org.springframework.boot.SpringApplication  [main] No active profile set, falling back to default profiles: default
2019-05-30 11:56:51,613 |  | DEBUG org.springframework.web.filter.GenericFilterBean  [main] Filter 'slf4jMDCFilter' configured for use
2019-05-30 11:57:00,713 |  | INFO org.springframework.boot.StartupInfoLogger  [main] Started ServiceAApplication in 18.991 seconds (JVM running for 20.334)
2019-05-30 11:59:43,830 |  | INFO org.springframework.boot.SpringApplication  [main] No active profile set, falling back to default profiles: default
2019-05-30 11:59:49,345 |  | DEBUG org.springframework.web.filter.GenericFilterBean  [main] Filter 'slf4jMDCFilter' configured for use
2019-05-30 11:59:58,151 |  | INFO org.springframework.boot.StartupInfoLogger  [main] Started ServiceAApplication in 18.589 seconds (JVM running for 19.814)
2019-05-30 12:01:46,422 |  | INFO org.springframework.boot.SpringApplication  [main] No active profile set, falling back to default profiles: default
2019-05-30 12:01:52,130 |  | DEBUG org.springframework.web.filter.GenericFilterBean  [main] Filter 'slf4jMDCFilter' configured for use
2019-05-30 12:02:35,141 |  | INFO org.springframework.boot.SpringApplication  [main] No active profile set, falling back to default profiles: default
2019-05-30 12:02:40,846 |  | DEBUG org.springframework.web.filter.GenericFilterBean  [main] Filter 'slf4jMDCFilter' configured for use
2019-05-30 12:02:49,694 |  | INFO org.springframework.boot.StartupInfoLogger  [main] Started ServiceAApplication in 18.881 seconds (JVM running for 20.219)
2019-05-30 12:04:06,617 |  | INFO org.springframework.boot.SpringApplication  [main] No active profile set, falling back to default profiles: default
2019-05-30 12:04:12,229 |  | DEBUG org.springframework.web.filter.GenericFilterBean  [main] Filter 'slf4jMDCFilter' configured for use
2019-05-30 12:04:21,276 |  | INFO org.springframework.boot.StartupInfoLogger  [main] Started ServiceAApplication in 19.072 seconds (JVM running for 20.348)
2019-05-30 12:07:23,807 |  | INFO org.springframework.boot.SpringApplication  [main] No active profile set, falling back to default profiles: default
2019-05-30 12:07:29,572 |  | DEBUG org.springframework.web.filter.GenericFilterBean  [main] Filter 'slf4jMDCFilter' configured for use
2019-05-30 12:08:28,961 |  | INFO org.springframework.boot.SpringApplication  [main] No active profile set, falling back to default profiles: default
2019-05-30 12:08:34,676 |  | DEBUG org.springframework.web.filter.GenericFilterBean  [main] Filter 'slf4jMDCFilter' configured for use
2019-05-30 12:08:43,909 |  | INFO org.springframework.boot.StartupInfoLogger  [main] Started ServiceAApplication in 19.466 seconds (JVM running for 20.719)
2019-05-30 12:09:45,737 | 011356BBF87049CDA2A7E2422AFAB6CD | INFO com.trainee.service.implement.ClassServiceImplement  [http-nio-8443-exec-5] Getting all classes
2019-05-30 12:11:33,574 |  | INFO org.springframework.boot.SpringApplication  [main] No active profile set, falling back to default profiles: default
2019-05-30 12:11:39,424 |  | DEBUG org.springframework.web.filter.GenericFilterBean  [main] Filter 'slf4jMDCFilter' configured for use
2019-05-30 12:11:48,235 |  | INFO org.springframework.boot.StartupInfoLogger  [main] Started ServiceAApplication in 18.967 seconds (JVM running for 20.522)
2019-05-30 12:11:50,272 | CB2E7D596E09485794E8A092460AFCE5 | INFO com.trainee.service.implement.ClassServiceImplement  [http-nio-8443-exec-2] Getting all classes
2019-05-30 12:12:24,136 |  | INFO org.springframework.boot.SpringApplication  [main] No active profile set, falling back to default profiles: default
2019-05-30 12:12:29,768 |  | DEBUG org.springframework.web.filter.GenericFilterBean  [main] Filter 'slf4jMDCFilter' configured for use
2019-05-30 12:12:38,663 |  | INFO org.springframework.boot.StartupInfoLogger  [main] Started ServiceAApplication in 18.803 seconds (JVM running for 20.137)
2019-05-30 12:12:49,986 | 36EE3EE8CB7344E39D00A1D467242432 | INFO com.trainee.service.implement.ClassServiceImplement  [http-nio-8443-exec-2] Getting all classes
2019-05-30 12:15:02,872 | CC9D80FFCE22455184433C20A37C99D3 | INFO com.trainee.service.implement.ClassServiceImplement  [http-nio-8443-exec-4] Getting all classes
2019-05-30 13:37:52,352 | 47E3500DBBB943279928ABA57E80CB74 | INFO com.trainee.service.implement.ClassServiceImplement  [http-nio-8443-exec-9] Getting all classes
2019-05-30 13:38:39,466 | DD05606E126C4C9A8191BDF826DA1A14 | INFO com.trainee.service.implement.ClassServiceImplement  [http-nio-8443-exec-8] Getting all classes
2019-05-30 13:46:32,449 |  | INFO org.springframework.boot.SpringApplication  [main] No active profile set, falling back to default profiles: default
2019-05-30 13:46:38,353 |  | DEBUG org.springframework.web.filter.GenericFilterBean  [main] Filter 'slf4jMDCFilter' configured for use
2019-05-30 13:47:19,134 |  | INFO org.springframework.boot.SpringApplication  [main] No active profile set, falling back to default profiles: default
2019-05-30 13:47:24,915 |  | DEBUG org.springframework.web.filter.GenericFilterBean  [main] Filter 'slf4jMDCFilter' configured for use
2019-05-30 13:47:33,749 |  | INFO org.springframework.boot.StartupInfoLogger  [main] Started ServiceAApplication in 19.13 seconds (JVM running for 20.48)
2019-05-30 13:47:38,826 | 9E2251136A2749B186A0C401CA7DCD3D | INFO com.trainee.service.implement.ClassServiceImplement  [http-nio-8443-exec-1] Getting all classes
2019-05-30 13:48:49,515 |  | INFO org.springframework.boot.SpringApplication  [main] No active profile set, falling back to default profiles: default
2019-05-30 13:48:55,212 |  | DEBUG org.springframework.web.filter.GenericFilterBean  [main] Filter 'slf4jMDCFilter' configured for use
2019-05-30 14:02:19,760 |  | INFO org.springframework.boot.SpringApplication  [main] No active profile set, falling back to default profiles: default
2019-05-30 14:02:25,561 |  | DEBUG org.springframework.web.filter.GenericFilterBean  [main] Filter 'slf4jMDCFilter' configured for use
2019-05-30 14:02:34,728 |  | INFO org.springframework.boot.StartupInfoLogger  [main] Started ServiceAApplication in 19.652 seconds (JVM running for 20.921)
2019-05-30 14:05:21,466 |  | INFO org.springframework.boot.SpringApplication  [main] No active profile set, falling back to default profiles: default
2019-05-30 14:05:27,331 |  | DEBUG org.springframework.web.filter.GenericFilterBean  [main] Filter 'slf4jMDCFilter' configured for use
2019-05-30 14:05:36,627 |  | INFO org.springframework.boot.StartupInfoLogger  [main] Started ServiceAApplication in 19.647 seconds (JVM running for 20.953)
2019-05-30 14:09:48,074 |  | INFO org.springframework.boot.SpringApplication  [main] No active profile set, falling back to default profiles: default
2019-05-30 14:09:54,615 |  | DEBUG org.springframework.web.filter.GenericFilterBean  [main] Filter 'slf4jMDCFilter' configured for use
2019-05-30 14:10:04,818 |  | INFO org.springframework.boot.StartupInfoLogger  [main] Started ServiceAApplication in 21.382 seconds (JVM running for 22.771)
2019-05-30 14:17:12,250 |  | INFO org.springframework.boot.SpringApplication  [main] No active profile set, falling back to default profiles: default
2019-05-30 14:17:17,766 |  | DEBUG org.springframework.web.filter.GenericFilterBean  [main] Filter 'slf4jMDCFilter' configured for use
2019-05-30 14:17:42,734 |  | INFO org.springframework.boot.SpringApplication  [main] No active profile set, falling back to default profiles: default
2019-05-30 14:17:48,565 |  | DEBUG org.springframework.web.filter.GenericFilterBean  [main] Filter 'slf4jMDCFilter' configured for use
2019-05-30 14:17:57,194 |  | INFO org.springframework.boot.StartupInfoLogger  [main] Started ServiceAApplication in 18.782 seconds (JVM running for 20.134)
2019-05-30 14:25:26,188 |  | INFO org.springframework.boot.SpringApplication  [main] No active profile set, falling back to default profiles: default
2019-05-30 14:25:31,882 |  | DEBUG org.springframework.web.filter.GenericFilterBean  [main] Filter 'slf4jMDCFilter' configured for use
2019-05-30 14:25:41,151 |  | INFO org.springframework.boot.StartupInfoLogger  [main] Started ServiceAApplication in 19.278 seconds (JVM running for 20.611)
2019-05-30 14:26:52,181 |  | INFO org.springframework.boot.SpringApplication  [main] No active profile set, falling back to default profiles: default
2019-05-30 14:26:57,813 |  | DEBUG org.springframework.web.filter.GenericFilterBean  [main] Filter 'slf4jMDCFilter' configured for use
2019-05-30 14:27:06,658 |  | INFO org.springframework.boot.StartupInfoLogger  [main] Started ServiceAApplication in 18.778 seconds (JVM running for 20.11)
2019-05-30 14:30:35,423 |  | INFO org.springframework.boot.SpringApplication  [main] No active profile set, falling back to default profiles: default
2019-05-30 14:30:41,032 |  | DEBUG org.springframework.web.filter.GenericFilterBean  [main] Filter 'slf4jMDCFilter' configured for use
2019-05-30 14:30:49,995 |  | INFO org.springframework.boot.StartupInfoLogger  [main] Started ServiceAApplication in 18.944 seconds (JVM running for 20.338)
2019-05-30 14:32:03,344 |  | INFO org.springframework.boot.SpringApplication  [main] No active profile set, falling back to default profiles: default
2019-05-30 14:32:09,205 |  | DEBUG org.springframework.web.filter.GenericFilterBean  [main] Filter 'slf4jMDCFilter' configured for use
2019-05-30 14:32:17,996 |  | INFO org.springframework.boot.StartupInfoLogger  [main] Started ServiceAApplication in 19.07 seconds (JVM running for 20.411)
2019-05-30 14:34:33,569 |  | INFO org.springframework.boot.SpringApplication  [main] No active profile set, falling back to default profiles: default
2019-05-30 14:34:40,241 |  | DEBUG org.springframework.web.filter.GenericFilterBean  [main] Filter 'slf4jMDCFilter' configured for use
2019-05-30 14:34:49,139 |  | INFO org.springframework.boot.StartupInfoLogger  [main] Started ServiceAApplication in 20.212 seconds (JVM running for 21.498)
2019-05-30 14:35:52,530 |  | INFO org.springframework.boot.SpringApplication  [main] No active profile set, falling back to default profiles: default
2019-05-30 14:35:58,280 |  | DEBUG org.springframework.web.filter.GenericFilterBean  [main] Filter 'slf4jMDCFilter' configured for use
2019-05-30 14:36:07,097 |  | INFO org.springframework.boot.StartupInfoLogger  [main] Started ServiceAApplication in 18.852 seconds (JVM running for 20.178)
2019-05-30 14:37:13,842 |  | INFO org.springframework.boot.SpringApplication  [main] No active profile set, falling back to default profiles: default
2019-05-30 14:37:19,480 |  | DEBUG org.springframework.web.filter.GenericFilterBean  [main] Filter 'slf4jMDCFilter' configured for use
2019-05-30 14:37:28,338 |  | INFO org.springframework.boot.StartupInfoLogger  [main] Started ServiceAApplication in 18.878 seconds (JVM running for 20.277)
2019-05-30 14:46:51,481 |  | INFO org.springframework.boot.SpringApplication  [main] No active profile set, falling back to default profiles: default
2019-05-30 14:46:58,270 |  | DEBUG org.springframework.web.filter.GenericFilterBean  [main] Filter 'slf4jMDCFilter' configured for use
2019-05-30 14:47:07,415 |  | INFO org.springframework.boot.StartupInfoLogger  [main] Started ServiceAApplication in 21.236 seconds (JVM running for 22.956)
2019-05-30 14:51:23,128 |  | INFO org.springframework.boot.SpringApplication  [main] No active profile set, falling back to default profiles: default
2019-05-30 14:51:28,828 |  | DEBUG org.springframework.web.filter.GenericFilterBean  [main] Filter 'slf4jMDCFilter' configured for use
2019-05-30 14:51:38,124 |  | INFO org.springframework.boot.StartupInfoLogger  [main] Started ServiceAApplication in 19.448 seconds (JVM running for 20.852)
