2019-05-22 09:34:54,345 INFO org.springframework.boot.SpringApplication [main] No active profile set, falling back to default profiles: default
2019-05-22 09:35:24,632 INFO org.springframework.boot.StartupInfoLogger [main] Started TestApplication in 36.435 seconds (JVM running for 39.871)
2019-05-22 09:39:12,417 INFO org.springframework.boot.SpringApplication [main] No active profile set, falling back to default profiles: default
2019-05-22 09:39:24,581 INFO org.springframework.boot.StartupInfoLogger [main] Started TestApplication in 16.575 seconds (JVM running for 17.796)
2019-05-22 09:48:16,129 INFO org.springframework.boot.SpringApplication [main] No active profile set, falling back to default profiles: default
2019-05-22 09:48:28,782 INFO org.springframework.boot.StartupInfoLogger [main] Started TestApplication in 17.021 seconds (JVM running for 18.261)
2019-05-22 09:51:37,737 INFO org.springframework.boot.SpringApplication [main] No active profile set, falling back to default profiles: default
2019-05-22 09:51:49,955 INFO org.springframework.boot.StartupInfoLogger [main] Started TestApplication in 16.405 seconds (JVM running for 17.647)
2019-05-22 09:53:44,804 INFO org.springframework.boot.SpringApplication [main] No active profile set, falling back to default profiles: default
2019-05-22 09:53:59,149 INFO org.springframework.boot.StartupInfoLogger [main] Started TestApplication in 18.982 seconds (JVM running for 20.449)
2019-05-22 09:54:28,549 INFO com.trainee.services.implement.ParentServiceImpl [https-jsse-nio-8443-exec-5] Getting All Parents
2019-05-22 09:54:42,589 INFO com.trainee.services.implement.ParentServiceImpl [https-jsse-nio-8443-exec-6] A new Parent was created
2019-05-22 09:57:49,693 INFO org.springframework.boot.SpringApplication [main] No active profile set, falling back to default profiles: default
2019-05-22 09:58:12,505 INFO org.springframework.boot.StartupInfoLogger [main] Started TestApplication in 27.663 seconds (JVM running for 34.23)
2019-05-22 09:58:30,780 INFO com.trainee.services.implement.ParentServiceImpl [https-jsse-nio-8443-exec-8] Getting All Parents
2019-05-22 09:58:40,000 INFO com.trainee.services.implement.ParentServiceImpl [https-jsse-nio-8443-exec-9] Parent was deleted
2019-05-22 09:58:46,834 DEBUG com.trainee.services.implement.ParentServiceImpl [https-jsse-nio-8443-exec-7] Can't update Parent
2019-05-22 09:58:57,242 INFO com.trainee.services.implement.ParentServiceImpl [https-jsse-nio-8443-exec-1] Getting All Parents
2019-05-22 10:02:48,743 INFO org.springframework.boot.SpringApplication [main] No active profile set, falling back to default profiles: default
2019-05-22 10:03:03,197 INFO org.springframework.boot.StartupInfoLogger [main] Started TestApplication in 19.298 seconds (JVM running for 20.957)
2019-05-22 10:06:35,846 INFO org.springframework.boot.SpringApplication [main] No active profile set, falling back to default profiles: default
2019-05-22 10:06:49,755 INFO org.springframework.boot.StartupInfoLogger [main] Started TestApplication in 18.365 seconds (JVM running for 20.089)
2019-05-22 10:11:08,567 INFO org.springframework.boot.SpringApplication [main] No active profile set, falling back to default profiles: default
2019-05-22 10:11:21,548 INFO org.springframework.boot.StartupInfoLogger [main] Started TestApplication in 17.495 seconds (JVM running for 18.893)
2019-05-22 13:15:42,478 INFO org.springframework.boot.SpringApplication [main] No active profile set, falling back to default profiles: default
2019-05-22 13:16:34,405 INFO org.springframework.boot.StartupInfoLogger [main] Started TestApplication in 59.401 seconds (JVM running for 62.08)
2019-05-22 13:21:56,527 INFO org.springframework.boot.SpringApplication [main] No active profile set, falling back to default profiles: default
2019-05-22 13:22:08,480 INFO org.springframework.boot.StartupInfoLogger [main] Started TestApplication in 16.221 seconds (JVM running for 17.467)
2019-05-22 13:41:56,590 INFO org.springframework.boot.SpringApplication [main] No active profile set, falling back to default profiles: default
2019-05-22 13:42:09,404 INFO org.springframework.boot.StartupInfoLogger [main] Started TestApplication in 18.298 seconds (JVM running for 19.567)
2019-05-22 13:44:50,905 INFO org.springframework.boot.SpringApplication [main] No active profile set, falling back to default profiles: default
2019-05-22 13:45:03,911 INFO org.springframework.boot.StartupInfoLogger [main] Started TestApplication in 17.678 seconds (JVM running for 19.383)
2019-05-22 13:46:15,407 INFO org.springframework.boot.SpringApplication [main] No active profile set, falling back to default profiles: default
2019-05-22 13:46:27,821 INFO org.springframework.boot.StartupInfoLogger [main] Started TestApplication in 16.701 seconds (JVM running for 17.92)
2019-05-22 13:47:12,835 INFO org.springframework.boot.SpringApplication [main] No active profile set, falling back to default profiles: default
2019-05-22 13:47:25,135 INFO org.springframework.boot.StartupInfoLogger [main] Started TestApplication in 16.649 seconds (JVM running for 17.889)
2019-05-22 13:47:49,866 INFO com.trainee.services.implement.ParentServiceImpl [https-jsse-nio-8443-exec-1] Getting All Parents
2019-05-22 14:18:17,965 INFO org.springframework.boot.SpringApplication [main] No active profile set, falling back to default profiles: default
2019-05-22 14:27:26,821 INFO org.springframework.boot.SpringApplication [main] No active profile set, falling back to default profiles: default
2019-05-22 14:27:40,344 INFO org.springframework.boot.StartupInfoLogger [main] Started TestApplication in 18.011 seconds (JVM running for 19.39)
2019-05-22 16:34:28,296 INFO org.springframework.boot.SpringApplication [main] No active profile set, falling back to default profiles: default
2019-05-22 16:34:45,783 INFO org.springframework.boot.StartupInfoLogger [main] Started TestApplication in 22.013 seconds (JVM running for 23.292)
2019-05-22 16:35:18,197 INFO com.trainee.services.implement.StudentServiceImpl [http-nio-8443-exec-6] Getting All Students
2019-05-22 16:40:13,894 INFO com.trainee.services.implement.StudentServiceImpl [http-nio-8443-exec-10] Getting All Students
2019-05-22 16:44:36,834 INFO org.springframework.boot.SpringApplication [main] No active profile set, falling back to default profiles: default
2019-05-22 16:44:52,837 INFO org.springframework.boot.StartupInfoLogger [main] Started TestApplication in 20.74 seconds (JVM running for 23.002)
2019-05-22 16:45:56,310 INFO com.trainee.services.implement.StudentServiceImpl [http-nio-8443-exec-6] Getting All Students
2019-05-22 16:58:18,941 INFO org.springframework.boot.SpringApplication [main] No active profile set, falling back to default profiles: default
2019-05-22 16:58:33,907 INFO org.springframework.boot.StartupInfoLogger [main] Started TestApplication in 19.287 seconds (JVM running for 20.592)
2019-05-22 16:59:02,765 INFO org.springframework.boot.SpringApplication [main] No active profile set, falling back to default profiles: default
2019-05-22 16:59:13,648 INFO org.springframework.boot.StartupInfoLogger [main] Started TestApplication in 15.495 seconds (JVM running for 16.883)
2019-05-22 17:06:27,939 INFO com.trainee.services.implement.StudentServiceImpl [http-nio-8443-exec-9] Getting All Students
2019-05-22 17:10:54,547 INFO org.springframework.boot.SpringApplication [main] No active profile set, falling back to default profiles: default
2019-05-22 17:11:06,949 INFO org.springframework.boot.StartupInfoLogger [main] Started TestApplication in 16.746 seconds (JVM running for 18.055)
2019-05-22 17:12:44,149 INFO org.springframework.boot.SpringApplication [main] No active profile set, falling back to default profiles: default
2019-05-22 17:12:56,324 INFO org.springframework.boot.StartupInfoLogger [main] Started TestApplication in 16.684 seconds (JVM running for 17.983)
2019-05-22 17:12:58,026 INFO com.trainee.services.implement.StudentServiceImpl [http-nio-8443-exec-1] Getting All Students
2019-05-22 17:14:01,305 INFO com.trainee.services.implement.StudentServiceImpl [http-nio-8443-exec-4] Getting All Students
2019-05-22 17:16:13,833 INFO org.springframework.boot.SpringApplication [main] No active profile set, falling back to default profiles: default
2019-05-22 17:16:26,288 INFO org.springframework.boot.StartupInfoLogger [main] Started TestApplication in 16.869 seconds (JVM running for 18.259)
2019-05-22 17:18:58,225 INFO org.springframework.boot.SpringApplication [main] No active profile set, falling back to default profiles: default
2019-05-22 17:19:10,454 INFO org.springframework.boot.StartupInfoLogger [main] Started TestApplication in 16.657 seconds (JVM running for 17.955)
2019-05-22 17:20:16,560 INFO com.trainee.services.implement.StudentServiceImpl [http-nio-8443-exec-5] Getting All Students
2019-05-22 17:36:38,008 INFO com.trainee.services.implement.StudentServiceImpl [http-nio-8443-exec-9] Getting All Students
2019-05-22 17:40:38,417 INFO org.springframework.boot.SpringApplication [main] No active profile set, falling back to default profiles: default
2019-05-22 17:40:53,490 INFO org.springframework.boot.StartupInfoLogger [main] Started TestApplication in 19.592 seconds (JVM running for 20.944)
2019-05-22 17:43:22,391 INFO com.trainee.services.implement.StudentServiceImpl [https-jsse-nio-8443-exec-9] Getting All Students
2019-05-22 17:43:59,337 INFO com.trainee.services.implement.StudentServiceImpl [https-jsse-nio-8443-exec-2] Getting All Students
2019-05-22 17:47:11,111 INFO com.trainee.services.implement.StudentServiceImpl [https-jsse-nio-8443-exec-2] Getting All Students
2019-05-22 17:48:29,906 INFO com.trainee.services.implement.StudentServiceImpl [https-jsse-nio-8443-exec-2] Getting All Students
2019-05-22 17:49:29,848 INFO com.trainee.services.implement.StudentServiceImpl [https-jsse-nio-8443-exec-6] Getting All Students
2019-05-22 18:05:30,939 INFO com.trainee.services.implement.StudentServiceImpl [https-jsse-nio-8443-exec-6] Getting All Students
