2019-05-24 11:11:31,508 INFO org.springframework.boot.SpringApplication [main] No active profile set, falling back to default profiles: default
2019-05-24 11:12:05,748 INFO org.springframework.boot.StartupInfoLogger [main] Started TestApplication in 43.502 seconds (JVM running for 45.968)
2019-05-24 11:13:06,331 INFO com.trainee.services.implement.StudentServiceImpl [https-jsse-nio-8443-exec-3] Getting All Students
2019-05-24 11:18:06,993 INFO org.springframework.boot.SpringApplication [main] No active profile set, falling back to default profiles: default
2019-05-24 11:18:37,365 INFO org.springframework.boot.StartupInfoLogger [main] Started TestApplication in 36.589 seconds (JVM running for 40.231)
2019-05-24 11:18:47,092 INFO com.trainee.services.implement.StudentServiceImpl [https-jsse-nio-8443-exec-10] Getting All Students
2019-05-24 11:18:48,866 INFO com.trainee.services.implement.StudentServiceImpl [https-jsse-nio-8443-exec-5] Getting All Students
2019-05-24 11:20:47,506 INFO org.springframework.boot.SpringApplication [main] No active profile set, falling back to default profiles: default
2019-05-24 11:21:00,802 INFO org.springframework.boot.StartupInfoLogger [main] Started TestApplication in 17.747 seconds (JVM running for 19.189)
2019-05-24 11:21:30,747 INFO com.trainee.services.implement.StudentServiceImpl [https-jsse-nio-8443-exec-7] Getting All Students
2019-05-24 11:22:45,880 INFO org.springframework.boot.SpringApplication [main] No active profile set, falling back to default profiles: default
2019-05-24 11:23:04,571 INFO org.springframework.boot.StartupInfoLogger [main] Started TestApplication in 24.145 seconds (JVM running for 25.952)
2019-05-24 11:24:09,989 INFO com.trainee.services.implement.StudentServiceImpl [https-jsse-nio-8443-exec-8] Getting All Students
2019-05-24 11:35:45,583 INFO org.springframework.boot.SpringApplication [main] No active profile set, falling back to default profiles: default
2019-05-24 11:36:01,754 INFO org.springframework.boot.StartupInfoLogger [main] Started TestApplication in 20.764 seconds (JVM running for 23.841)
2019-05-24 11:36:08,137 INFO com.trainee.services.implement.StudentServiceImpl [https-jsse-nio-8443-exec-7] Getting All Students
2019-05-24 11:38:41,525 INFO org.springframework.boot.SpringApplication [main] No active profile set, falling back to default profiles: default
2019-05-24 11:38:59,418 INFO org.springframework.boot.StartupInfoLogger [main] Started TestApplication in 23.18 seconds (JVM running for 24.491)
2019-05-24 11:39:37,734 INFO com.trainee.services.implement.StudentServiceImpl [https-jsse-nio-8443-exec-8] Getting All Students
2019-05-24 12:00:22,218 INFO org.springframework.boot.SpringApplication [main] No active profile set, falling back to default profiles: default
2019-05-24 12:00:36,734 INFO org.springframework.boot.StartupInfoLogger [main] Started TestApplication in 19.809 seconds (JVM running for 21.47)
2019-05-24 12:02:20,157 INFO org.springframework.boot.SpringApplication [main] No active profile set, falling back to default profiles: default
2019-05-24 12:02:37,397 INFO org.springframework.boot.StartupInfoLogger [main] Started TestApplication in 23.165 seconds (JVM running for 25.184)
2019-05-24 12:09:51,864 INFO org.springframework.boot.SpringApplication [main] No active profile set, falling back to default profiles: default
2019-05-24 12:10:11,490 INFO org.springframework.boot.StartupInfoLogger [main] Started TestApplication in 25.07 seconds (JVM running for 26.428)
2019-05-24 12:12:35,537 INFO org.springframework.boot.SpringApplication [main] No active profile set, falling back to default profiles: default
2019-05-24 12:12:50,546 INFO org.springframework.boot.StartupInfoLogger [main] Started TestApplication in 19.381 seconds (JVM running for 20.807)
2019-05-24 12:13:03,787 INFO com.trainee.services.implement.StudentServiceImpl [https-jsse-nio-8443-exec-9] Getting All Students
2019-05-24 12:14:31,755 INFO org.springframework.boot.SpringApplication [main] No active profile set, falling back to default profiles: default
2019-05-24 12:14:51,528 INFO org.springframework.boot.StartupInfoLogger [main] Started TestApplication in 24.311 seconds (JVM running for 25.665)
2019-05-24 12:15:26,002 INFO com.trainee.services.implement.StudentServiceImpl [https-jsse-nio-8443-exec-6] Getting All Students
2019-05-24 12:15:28,794 INFO com.trainee.services.implement.StudentServiceImpl [https-jsse-nio-8443-exec-2] Getting All Students
2019-05-24 12:15:29,659 INFO com.trainee.services.implement.StudentServiceImpl [https-jsse-nio-8443-exec-6] Getting All Students
2019-05-24 12:15:30,191 INFO com.trainee.services.implement.StudentServiceImpl [https-jsse-nio-8443-exec-1] Getting All Students
2019-05-24 12:15:30,995 INFO com.trainee.services.implement.StudentServiceImpl [https-jsse-nio-8443-exec-7] Getting All Students
2019-05-24 12:15:59,213 INFO org.springframework.boot.SpringApplication [main] No active profile set, falling back to default profiles: default
2019-05-24 12:16:13,576 INFO org.springframework.boot.StartupInfoLogger [main] Started TestApplication in 18.869 seconds (JVM running for 20.317)
2019-05-24 12:16:16,178 INFO com.trainee.services.implement.StudentServiceImpl [https-jsse-nio-8443-exec-5] Getting All Students
2019-05-24 12:16:17,275 INFO com.trainee.services.implement.StudentServiceImpl [https-jsse-nio-8443-exec-6] Getting All Students
2019-05-24 12:16:18,021 INFO com.trainee.services.implement.StudentServiceImpl [https-jsse-nio-8443-exec-7] Getting All Students
2019-05-24 12:16:59,186 INFO org.springframework.boot.SpringApplication [main] No active profile set, falling back to default profiles: default
2019-05-24 12:17:15,775 INFO org.springframework.boot.StartupInfoLogger [main] Started TestApplication in 21.206 seconds (JVM running for 22.534)
2019-05-24 12:17:49,127 INFO org.springframework.boot.SpringApplication [main] No active profile set, falling back to default profiles: default
2019-05-24 12:18:07,162 INFO org.springframework.boot.StartupInfoLogger [main] Started TestApplication in 22.458 seconds (JVM running for 23.758)
2019-05-24 12:18:13,849 INFO com.trainee.services.implement.StudentServiceImpl [https-jsse-nio-8443-exec-8] Getting All Students
2019-05-24 12:18:49,343 INFO org.springframework.boot.SpringApplication [main] No active profile set, falling back to default profiles: default
2019-05-24 12:19:08,264 INFO org.springframework.boot.StartupInfoLogger [main] Started TestApplication in 23.793 seconds (JVM running for 25.064)
2019-05-24 12:19:12,529 INFO com.trainee.services.implement.StudentServiceImpl [https-jsse-nio-8443-exec-8] Getting All Students
2019-05-24 12:20:01,999 INFO org.springframework.boot.SpringApplication [main] No active profile set, falling back to default profiles: default
2019-05-24 12:20:16,690 INFO org.springframework.boot.StartupInfoLogger [main] Started TestApplication in 19.212 seconds (JVM running for 20.558)
2019-05-24 12:20:20,194 INFO com.trainee.services.implement.StudentServiceImpl [https-jsse-nio-8443-exec-8] Getting All Students
2019-05-24 12:21:15,182 INFO org.springframework.boot.SpringApplication [main] No active profile set, falling back to default profiles: default
2019-05-24 12:21:29,438 INFO org.springframework.boot.StartupInfoLogger [main] Started TestApplication in 18.64 seconds (JVM running for 19.96)
2019-05-24 12:21:30,169 INFO com.trainee.services.implement.StudentServiceImpl [https-jsse-nio-8443-exec-6] Getting All Students
2019-05-24 12:21:54,291 INFO org.springframework.boot.SpringApplication [main] No active profile set, falling back to default profiles: default
2019-05-24 12:22:08,842 INFO org.springframework.boot.StartupInfoLogger [main] Started TestApplication in 19.15 seconds (JVM running for 20.446)
2019-05-24 12:22:10,065 INFO com.trainee.services.implement.StudentServiceImpl [https-jsse-nio-8443-exec-5] Getting All Students
2019-05-24 12:22:10,989 INFO com.trainee.services.implement.StudentServiceImpl [https-jsse-nio-8443-exec-6] Getting All Students
2019-05-24 12:22:11,636 INFO com.trainee.services.implement.StudentServiceImpl [https-jsse-nio-8443-exec-7] Getting All Students
2019-05-24 12:22:43,734 INFO org.springframework.boot.SpringApplication [main] No active profile set, falling back to default profiles: default
2019-05-24 12:22:58,399 INFO org.springframework.boot.StartupInfoLogger [main] Started TestApplication in 19.032 seconds (JVM running for 20.379)
2019-05-24 12:23:00,468 INFO com.trainee.services.implement.StudentServiceImpl [https-jsse-nio-8443-exec-4] Getting All Students
2019-05-24 12:23:00,504 INFO com.trainee.services.implement.StudentServiceImpl [https-jsse-nio-8443-exec-10] Getting All Students
2019-05-24 12:23:01,464 INFO com.trainee.services.implement.StudentServiceImpl [https-jsse-nio-8443-exec-1] Getting All Students
2019-05-24 12:23:31,243 INFO org.springframework.boot.SpringApplication [main] No active profile set, falling back to default profiles: default
2019-05-24 12:23:45,601 INFO org.springframework.boot.StartupInfoLogger [main] Started TestApplication in 18.776 seconds (JVM running for 20.244)
2019-05-24 12:24:12,111 INFO org.springframework.boot.SpringApplication [main] No active profile set, falling back to default profiles: default
2019-05-24 12:24:26,495 INFO org.springframework.boot.StartupInfoLogger [main] Started TestApplication in 18.846 seconds (JVM running for 20.147)
2019-05-24 12:24:47,896 INFO com.trainee.services.implement.StudentServiceImpl [https-jsse-nio-8443-exec-5] Getting All Students
2019-05-24 13:33:32,829 INFO com.trainee.services.implement.StudentServiceImpl [https-jsse-nio-8443-exec-2] Getting All Students
2019-05-24 16:49:11,234 INFO org.springframework.boot.SpringApplication |  | [main] No active profile set, falling back to default profiles: default
2019-05-24 16:50:49,168 INFO org.springframework.boot.SpringApplication |  | [main] No active profile set, falling back to default profiles: default
2019-05-24 16:51:26,327 INFO org.springframework.boot.SpringApplication |  | [main] No active profile set, falling back to default profiles: default
2019-05-24 16:52:40,089 INFO org.springframework.boot.SpringApplication |  | [main] No active profile set, falling back to default profiles: default
2019-05-24 17:05:10,797 INFO org.springframework.boot.SpringApplication |  | [main] No active profile set, falling back to default profiles: default
2019-05-24 17:05:13,455 DEBUG org.springframework.web.filter.GenericFilterBean |  | [main] Filter 'slf4jMDCFilter' configured for use
2019-05-24 17:05:31,101 INFO org.springframework.boot.StartupInfoLogger |  | [main] Started TestApplication in 24.975 seconds (JVM running for 26.403)
2019-05-24 17:06:23,712 INFO org.springframework.boot.SpringApplication |  | [main] No active profile set, falling back to default profiles: default
2019-05-24 17:06:26,296 DEBUG org.springframework.web.filter.GenericFilterBean |  | [main] Filter 'slf4jMDCFilter' configured for use
2019-05-24 17:06:36,479 INFO org.springframework.boot.StartupInfoLogger |  | [main] Started TestApplication in 17.071 seconds (JVM running for 18.333)
2019-05-24 17:07:02,709 INFO com.trainee.services.implement.StudentServiceImpl | 60E9323F049948C2ACA487DBEB0B6C4D | [https-jsse-nio-8443-exec-5] Getting All Students
2019-05-24 17:09:37,984 INFO org.springframework.boot.SpringApplication |  | [main] No active profile set, falling back to default profiles: default
2019-05-24 17:09:40,727 DEBUG org.springframework.web.filter.GenericFilterBean |  | [main] Filter 'slf4jMDCFilter' configured for use
2019-05-24 17:09:50,566 INFO org.springframework.boot.StartupInfoLogger |  | [main] Started TestApplication in 17.15 seconds (JVM running for 18.377)
2019-05-24 17:09:56,836 INFO com.trainee.services.implement.StudentServiceImpl | 54144A0869D840D8A9868924F4137E5A | [https-jsse-nio-8443-exec-5] Getting All Students
2019-05-24 17:13:43,904 |  | INFO org.springframework.boot.SpringApplication  [main] No active profile set, falling back to default profiles: default
2019-05-24 17:13:46,410 |  | DEBUG org.springframework.web.filter.GenericFilterBean  [main] Filter 'slf4jMDCFilter' configured for use
2019-05-24 17:13:56,265 |  | INFO org.springframework.boot.StartupInfoLogger  [main] Started TestApplication in 16.603 seconds (JVM running for 18.195)
2019-05-24 17:14:03,184 | 87358317E22A46B9A91A532BE1E53E99 | INFO com.trainee.services.implement.StudentServiceImpl  [https-jsse-nio-8443-exec-5] Getting All Students
